{"/Users/ataranenko/WebstormProjects/study/frontend-test-assignment/src/app.js": {"path":"/Users/ataranenko/WebstormProjects/study/frontend-test-assignment/src/app.js","statementMap":{"0":{"start":{"line":14,"column":28},"end":{"line":20,"column":4}},"1":{"start":{"line":23,"column":4},"end":{"line":23,"column":46}},"2":{"start":{"line":27,"column":4},"end":{"line":27,"column":36}},"3":{"start":{"line":30,"column":2},"end":{"line":44,"column":9}},"4":{"start":{"line":31,"column":4},"end":{"line":43,"column":86}},"5":{"start":{"line":33,"column":36},"end":{"line":33,"column":69}},"6":{"start":{"line":35,"column":8},"end":{"line":41,"column":11}},"7":{"start":{"line":43,"column":19},"end":{"line":43,"column":84}},"8":{"start":{"line":46,"column":2},"end":{"line":94,"column":4}},"9":{"start":{"line":79,"column":33},"end":{"line":79,"column":194}},"10":{"start":{"line":83,"column":33},"end":{"line":83,"column":194}},"11":{"start":{"line":87,"column":33},"end":{"line":87,"column":194}}},"fnMap":{"0":{"name":"(anonymous_0)","decl":{"start":{"line":13,"column":15},"end":{"line":13,"column":16}},"loc":{"start":{"line":13,"column":21},"end":{"line":95,"column":1}},"line":13},"1":{"name":"onChangeRiskLevel","decl":{"start":{"line":22,"column":11},"end":{"line":22,"column":28}},"loc":{"start":{"line":22,"column":48},"end":{"line":24,"column":3}},"line":22},"2":{"name":"onChangeDeposit","decl":{"start":{"line":26,"column":11},"end":{"line":26,"column":26}},"loc":{"start":{"line":26,"column":36},"end":{"line":28,"column":3}},"line":26},"3":{"name":"(anonymous_3)","decl":{"start":{"line":30,"column":12},"end":{"line":30,"column":13}},"loc":{"start":{"line":30,"column":18},"end":{"line":44,"column":3}},"line":30},"4":{"name":"(anonymous_4)","decl":{"start":{"line":32,"column":12},"end":{"line":32,"column":13}},"loc":{"start":{"line":32,"column":22},"end":{"line":42,"column":7}},"line":32},"5":{"name":"(anonymous_5)","decl":{"start":{"line":43,"column":13},"end":{"line":43,"column":14}},"loc":{"start":{"line":43,"column":19},"end":{"line":43,"column":84}},"line":43},"6":{"name":"(anonymous_6)","decl":{"start":{"line":79,"column":27},"end":{"line":79,"column":28}},"loc":{"start":{"line":79,"column":33},"end":{"line":79,"column":194}},"line":79},"7":{"name":"(anonymous_7)","decl":{"start":{"line":83,"column":27},"end":{"line":83,"column":28}},"loc":{"start":{"line":83,"column":33},"end":{"line":83,"column":194}},"line":83},"8":{"name":"(anonymous_8)","decl":{"start":{"line":87,"column":27},"end":{"line":87,"column":28}},"loc":{"start":{"line":87,"column":33},"end":{"line":87,"column":194}},"line":87}},"branchMap":{"0":{"loc":{"start":{"line":36,"column":29},"end":{"line":38,"column":36}},"type":"cond-expr","locations":[{"start":{"line":37,"column":14},"end":{"line":37,"column":32}},{"start":{"line":38,"column":14},"end":{"line":38,"column":36}}],"line":36},"1":{"loc":{"start":{"line":39,"column":22},"end":{"line":39,"column":82}},"type":"cond-expr","locations":[{"start":{"line":39,"column":56},"end":{"line":39,"column":75}},{"start":{"line":39,"column":78},"end":{"line":39,"column":82}}],"line":39},"2":{"loc":{"start":{"line":73,"column":9},"end":{"line":91,"column":50}},"type":"cond-expr","locations":[{"start":{"line":75,"column":12},"end":{"line":89,"column":18}},{"start":{"line":91,"column":12},"end":{"line":91,"column":50}}],"line":73}},"s":{"0":0,"1":0,"2":0,"3":0,"4":0,"5":0,"6":0,"7":0,"8":0,"9":0,"10":0,"11":0},"f":{"0":0,"1":0,"2":0,"3":0,"4":0,"5":0,"6":0,"7":0,"8":0},"b":{"0":[0,0],"1":[0,0],"2":[0,0]}}
,"/Users/ataranenko/WebstormProjects/study/frontend-test-assignment/src/chart.js": {"path":"/Users/ataranenko/WebstormProjects/study/frontend-test-assignment/src/chart.js","statementMap":{"0":{"start":{"line":8,"column":4},"end":{"line":8,"column":21}},"1":{"start":{"line":12,"column":71},"end":{"line":12,"column":81}},"2":{"start":{"line":13,"column":26},"end":{"line":13,"column":110}},"3":{"start":{"line":13,"column":70},"end":{"line":13,"column":106}},"4":{"start":{"line":14,"column":16},"end":{"line":14,"column":20}},"5":{"start":{"line":16,"column":23},"end":{"line":23,"column":6}},"6":{"start":{"line":25,"column":19},"end":{"line":25,"column":86}},"7":{"start":{"line":25,"column":54},"end":{"line":25,"column":84}},"8":{"start":{"line":26,"column":23},"end":{"line":26,"column":56}},"9":{"start":{"line":26,"column":52},"end":{"line":26,"column":55}},"10":{"start":{"line":27,"column":21},"end":{"line":27,"column":55}},"11":{"start":{"line":27,"column":51},"end":{"line":27,"column":54}},"12":{"start":{"line":28,"column":20},"end":{"line":28,"column":54}},"13":{"start":{"line":28,"column":50},"end":{"line":28,"column":53}},"14":{"start":{"line":30,"column":17},"end":{"line":55,"column":5}},"15":{"start":{"line":57,"column":20},"end":{"line":78,"column":5}},"16":{"start":{"line":80,"column":19},"end":{"line":84,"column":5}},"17":{"start":{"line":86,"column":23},"end":{"line":86,"column":27}},"18":{"start":{"line":87,"column":20},"end":{"line":87,"column":43}},"19":{"start":{"line":88,"column":20},"end":{"line":88,"column":48}},"20":{"start":{"line":92,"column":4},"end":{"line":100,"column":6}},"21":{"start":{"line":95,"column":24},"end":{"line":95,"column":41}},"22":{"start":{"line":106,"column":0},"end":{"line":110,"column":2}}},"fnMap":{"0":{"name":"(anonymous_0)","decl":{"start":{"line":7,"column":2},"end":{"line":7,"column":3}},"loc":{"start":{"line":7,"column":22},"end":{"line":9,"column":3}},"line":7},"1":{"name":"(anonymous_1)","decl":{"start":{"line":11,"column":2},"end":{"line":11,"column":3}},"loc":{"start":{"line":11,"column":14},"end":{"line":89,"column":3}},"line":11},"2":{"name":"(anonymous_2)","decl":{"start":{"line":13,"column":60},"end":{"line":13,"column":61}},"loc":{"start":{"line":13,"column":70},"end":{"line":13,"column":106}},"line":13},"3":{"name":"(anonymous_3)","decl":{"start":{"line":25,"column":41},"end":{"line":25,"column":42}},"loc":{"start":{"line":25,"column":54},"end":{"line":25,"column":84}},"line":25},"4":{"name":"(anonymous_4)","decl":{"start":{"line":26,"column":45},"end":{"line":26,"column":46}},"loc":{"start":{"line":26,"column":52},"end":{"line":26,"column":55}},"line":26},"5":{"name":"(anonymous_5)","decl":{"start":{"line":27,"column":44},"end":{"line":27,"column":45}},"loc":{"start":{"line":27,"column":51},"end":{"line":27,"column":54}},"line":27},"6":{"name":"(anonymous_6)","decl":{"start":{"line":28,"column":43},"end":{"line":28,"column":44}},"loc":{"start":{"line":28,"column":50},"end":{"line":28,"column":53}},"line":28},"7":{"name":"(anonymous_7)","decl":{"start":{"line":91,"column":2},"end":{"line":91,"column":3}},"loc":{"start":{"line":91,"column":11},"end":{"line":101,"column":3}},"line":91},"8":{"name":"(anonymous_8)","decl":{"start":{"line":95,"column":15},"end":{"line":95,"column":16}},"loc":{"start":{"line":95,"column":24},"end":{"line":95,"column":41}},"line":95}},"branchMap":{"0":{"loc":{"start":{"line":25,"column":54},"end":{"line":25,"column":84}},"type":"cond-expr","locations":[{"start":{"line":25,"column":71},"end":{"line":25,"column":79}},{"start":{"line":25,"column":82},"end":{"line":25,"column":84}}],"line":25}},"s":{"0":0,"1":0,"2":0,"3":0,"4":0,"5":0,"6":0,"7":0,"8":0,"9":0,"10":0,"11":0,"12":0,"13":0,"14":0,"15":0,"16":0,"17":0,"18":0,"19":0,"20":0,"21":0,"22":0},"f":{"0":0,"1":0,"2":0,"3":0,"4":0,"5":0,"6":0,"7":0,"8":0},"b":{"0":[0,0]}}
,"/Users/ataranenko/WebstormProjects/study/frontend-test-assignment/src/constants.js": {"path":"/Users/ataranenko/WebstormProjects/study/frontend-test-assignment/src/constants.js","statementMap":{"0":{"start":{"line":2,"column":37},"end":{"line":2,"column":49}},"1":{"start":{"line":5,"column":28},"end":{"line":8,"column":1}},"2":{"start":{"line":11,"column":34},"end":{"line":11,"column":35}}},"fnMap":{},"branchMap":{},"s":{"0":0,"1":0,"2":0},"f":{},"b":{}}
,"/Users/ataranenko/WebstormProjects/study/frontend-test-assignment/src/deposot-sum-input.js": {"path":"/Users/ataranenko/WebstormProjects/study/frontend-test-assignment/src/deposot-sum-input.js","statementMap":{"0":{"start":{"line":4,"column":24},"end":{"line":22,"column":1}},"1":{"start":{"line":5,"column":27},"end":{"line":5,"column":37}},"2":{"start":{"line":9,"column":4},"end":{"line":9,"column":28}},"3":{"start":{"line":12,"column":2},"end":{"line":21,"column":4}},"4":{"start":{"line":15,"column":32},"end":{"line":15,"column":57}},"5":{"start":{"line":17,"column":33},"end":{"line":17,"column":53}},"6":{"start":{"line":26,"column":0},"end":{"line":28,"column":2}}},"fnMap":{"0":{"name":"(anonymous_0)","decl":{"start":{"line":4,"column":24},"end":{"line":4,"column":25}},"loc":{"start":{"line":4,"column":52},"end":{"line":22,"column":1}},"line":4},"1":{"name":"applyNewDepositSum","decl":{"start":{"line":7,"column":11},"end":{"line":7,"column":29}},"loc":{"start":{"line":7,"column":32},"end":{"line":10,"column":3}},"line":7},"2":{"name":"(anonymous_2)","decl":{"start":{"line":15,"column":25},"end":{"line":15,"column":26}},"loc":{"start":{"line":15,"column":32},"end":{"line":15,"column":57}},"line":15},"3":{"name":"(anonymous_3)","decl":{"start":{"line":17,"column":27},"end":{"line":17,"column":28}},"loc":{"start":{"line":17,"column":33},"end":{"line":17,"column":53}},"line":17}},"branchMap":{},"s":{"0":0,"1":0,"2":0,"3":0,"4":0,"5":0,"6":0},"f":{"0":0,"1":0,"2":0,"3":0},"b":{}}
,"/Users/ataranenko/WebstormProjects/study/frontend-test-assignment/src/index.js": {"path":"/Users/ataranenko/WebstormProjects/study/frontend-test-assignment/src/index.js","statementMap":{"0":{"start":{"line":7,"column":0},"end":{"line":7,"column":58}}},"fnMap":{},"branchMap":{},"s":{"0":0},"f":{},"b":{}}
,"/Users/ataranenko/WebstormProjects/study/frontend-test-assignment/src/menu.js": {"path":"/Users/ataranenko/WebstormProjects/study/frontend-test-assignment/src/menu.js","statementMap":{"0":{"start":{"line":9,"column":4},"end":{"line":15,"column":6}}},"fnMap":{"0":{"name":"(anonymous_0)","decl":{"start":{"line":8,"column":2},"end":{"line":8,"column":3}},"loc":{"start":{"line":8,"column":11},"end":{"line":16,"column":3}},"line":8}},"branchMap":{},"s":{"0":1},"f":{"0":1},"b":{},"_coverageSchema":"1a1c01bbd47fc00a2c39e90264f33305004495a9","hash":"a2105b3599b618fc5c52b28d20290c8f5a251bd0"}
,"/Users/ataranenko/WebstormProjects/study/frontend-test-assignment/src/risk-level-selector.js": {"path":"/Users/ataranenko/WebstormProjects/study/frontend-test-assignment/src/risk-level-selector.js","statementMap":{"0":{"start":{"line":5,"column":26},"end":{"line":29,"column":1}},"1":{"start":{"line":7,"column":22},"end":{"line":7,"column":54}},"2":{"start":{"line":8,"column":4},"end":{"line":8,"column":33}},"3":{"start":{"line":12,"column":4},"end":{"line":12,"column":96}},"4":{"start":{"line":12,"column":36},"end":{"line":12,"column":94}},"5":{"start":{"line":15,"column":2},"end":{"line":28,"column":4}},"6":{"start":{"line":33,"column":0},"end":{"line":38,"column":2}},"7":{"start":{"line":40,"column":0},"end":{"line":45,"column":2}}},"fnMap":{"0":{"name":"(anonymous_0)","decl":{"start":{"line":5,"column":26},"end":{"line":5,"column":27}},"loc":{"start":{"line":5,"column":65},"end":{"line":29,"column":1}},"line":5},"1":{"name":"onChange","decl":{"start":{"line":6,"column":11},"end":{"line":6,"column":19}},"loc":{"start":{"line":6,"column":27},"end":{"line":9,"column":3}},"line":6},"2":{"name":"renderOptions","decl":{"start":{"line":11,"column":11},"end":{"line":11,"column":24}},"loc":{"start":{"line":11,"column":27},"end":{"line":13,"column":3}},"line":11},"3":{"name":"(anonymous_3)","decl":{"start":{"line":12,"column":26},"end":{"line":12,"column":27}},"loc":{"start":{"line":12,"column":36},"end":{"line":12,"column":94}},"line":12},"4":{"name":"(anonymous_4)","decl":{"start":{"line":37,"column":21},"end":{"line":37,"column":22}},"loc":{"start":{"line":37,"column":27},"end":{"line":37,"column":29}},"line":37}},"branchMap":{"0":{"loc":{"start":{"line":21,"column":11},"end":{"line":21,"column":96}},"type":"cond-expr","locations":[{"start":{"line":21,"column":36},"end":{"line":21,"column":51}},{"start":{"line":21,"column":54},"end":{"line":21,"column":96}}],"line":21}},"s":{"0":0,"1":0,"2":0,"3":0,"4":0,"5":0,"6":0,"7":0},"f":{"0":0,"1":0,"2":0,"3":0,"4":0},"b":{"0":[0,0]}}
,"/Users/ataranenko/WebstormProjects/study/frontend-test-assignment/src/table.js": {"path":"/Users/ataranenko/WebstormProjects/study/frontend-test-assignment/src/table.js","statementMap":{"0":{"start":{"line":6,"column":14},"end":{"line":50,"column":1}},"1":{"start":{"line":7,"column":15},"end":{"line":7,"column":99}},"2":{"start":{"line":7,"column":59},"end":{"line":7,"column":95}},"3":{"start":{"line":8,"column":14},"end":{"line":8,"column":18}},"4":{"start":{"line":10,"column":21},"end":{"line":17,"column":4}},"5":{"start":{"line":19,"column":17},"end":{"line":19,"column":55}},"6":{"start":{"line":19,"column":51},"end":{"line":19,"column":54}},"7":{"start":{"line":20,"column":19},"end":{"line":20,"column":53}},"8":{"start":{"line":20,"column":49},"end":{"line":20,"column":52}},"9":{"start":{"line":21,"column":21},"end":{"line":21,"column":54}},"10":{"start":{"line":21,"column":50},"end":{"line":21,"column":53}},"11":{"start":{"line":22,"column":18},"end":{"line":22,"column":52}},"12":{"start":{"line":22,"column":48},"end":{"line":22,"column":51}},"13":{"start":{"line":24,"column":15},"end":{"line":31,"column":4}},"14":{"start":{"line":25,"column":4},"end":{"line":30,"column":9}},"15":{"start":{"line":33,"column":22},"end":{"line":38,"column":4}},"16":{"start":{"line":40,"column":2},"end":{"line":49,"column":4}},"17":{"start":{"line":52,"column":0},"end":{"line":55,"column":2}},"18":{"start":{"line":57,"column":0},"end":{"line":61,"column":2}}},"fnMap":{"0":{"name":"(anonymous_0)","decl":{"start":{"line":6,"column":14},"end":{"line":6,"column":15}},"loc":{"start":{"line":6,"column":78},"end":{"line":50,"column":1}},"line":6},"1":{"name":"(anonymous_1)","decl":{"start":{"line":7,"column":49},"end":{"line":7,"column":50}},"loc":{"start":{"line":7,"column":59},"end":{"line":7,"column":95}},"line":7},"2":{"name":"(anonymous_2)","decl":{"start":{"line":19,"column":39},"end":{"line":19,"column":40}},"loc":{"start":{"line":19,"column":51},"end":{"line":19,"column":54}},"line":19},"3":{"name":"(anonymous_3)","decl":{"start":{"line":20,"column":42},"end":{"line":20,"column":43}},"loc":{"start":{"line":20,"column":49},"end":{"line":20,"column":52}},"line":20},"4":{"name":"(anonymous_4)","decl":{"start":{"line":21,"column":43},"end":{"line":21,"column":44}},"loc":{"start":{"line":21,"column":50},"end":{"line":21,"column":53}},"line":21},"5":{"name":"(anonymous_5)","decl":{"start":{"line":22,"column":41},"end":{"line":22,"column":42}},"loc":{"start":{"line":22,"column":48},"end":{"line":22,"column":51}},"line":22},"6":{"name":"(anonymous_6)","decl":{"start":{"line":24,"column":26},"end":{"line":24,"column":27}},"loc":{"start":{"line":25,"column":4},"end":{"line":30,"column":9}},"line":25}},"branchMap":{},"s":{"0":0,"1":0,"2":0,"3":0,"4":0,"5":0,"6":0,"7":0,"8":0,"9":0,"10":0,"11":0,"12":0,"13":0,"14":0,"15":0,"16":0,"17":0,"18":0},"f":{"0":0,"1":0,"2":0,"3":0,"4":0,"5":0,"6":0},"b":{}}
,"/Users/ataranenko/WebstormProjects/study/frontend-test-assignment/src/utils.js": {"path":"/Users/ataranenko/WebstormProjects/study/frontend-test-assignment/src/utils.js","statementMap":{"0":{"start":{"line":4,"column":23},"end":{"line":4,"column":31}},"1":{"start":{"line":5,"column":24},"end":{"line":5,"column":41}},"2":{"start":{"line":6,"column":16},"end":{"line":6,"column":22}},"3":{"start":{"line":8,"column":17},"end":{"line":10,"column":91}},"4":{"start":{"line":12,"column":2},"end":{"line":16,"column":4}},"5":{"start":{"line":19,"column":28},"end":{"line":43,"column":1}},"6":{"start":{"line":22,"column":17},"end":{"line":22,"column":19}},"7":{"start":{"line":24,"column":2},"end":{"line":28,"column":3}},"8":{"start":{"line":24,"column":15},"end":{"line":24,"column":16}},"9":{"start":{"line":25,"column":4},"end":{"line":27,"column":8}},"10":{"start":{"line":30,"column":20},"end":{"line":34,"column":3}},"11":{"start":{"line":36,"column":2},"end":{"line":40,"column":3}},"12":{"start":{"line":36,"column":15},"end":{"line":36,"column":16}},"13":{"start":{"line":37,"column":4},"end":{"line":37,"column":67}},"14":{"start":{"line":38,"column":4},"end":{"line":38,"column":69}},"15":{"start":{"line":39,"column":4},"end":{"line":39,"column":69}},"16":{"start":{"line":42,"column":2},"end":{"line":42,"column":19}},"17":{"start":{"line":53,"column":15},"end":{"line":59,"column":1}},"18":{"start":{"line":54,"column":18},"end":{"line":54,"column":55}},"19":{"start":{"line":56,"column":2},"end":{"line":58,"column":26}},"20":{"start":{"line":57,"column":24},"end":{"line":57,"column":39}},"21":{"start":{"line":58,"column":20},"end":{"line":58,"column":24}},"22":{"start":{"line":66,"column":36},"end":{"line":77,"column":1}},"23":{"start":{"line":67,"column":2},"end":{"line":69,"column":3}},"24":{"start":{"line":68,"column":4},"end":{"line":68,"column":16}},"25":{"start":{"line":72,"column":2},"end":{"line":76,"column":9}},"26":{"start":{"line":73,"column":4},"end":{"line":73,"column":29}},"27":{"start":{"line":75,"column":4},"end":{"line":75,"column":15}}},"fnMap":{"0":{"name":"mapDate","decl":{"start":{"line":1,"column":9},"end":{"line":1,"column":16}},"loc":{"start":{"line":3,"column":3},"end":{"line":17,"column":1}},"line":3},"1":{"name":"(anonymous_1)","decl":{"start":{"line":19,"column":28},"end":{"line":19,"column":29}},"loc":{"start":{"line":21,"column":6},"end":{"line":43,"column":1}},"line":21},"2":{"name":"(anonymous_2)","decl":{"start":{"line":53,"column":15},"end":{"line":53,"column":16}},"loc":{"start":{"line":53,"column":36},"end":{"line":59,"column":1}},"line":53},"3":{"name":"(anonymous_3)","decl":{"start":{"line":57,"column":10},"end":{"line":57,"column":11}},"loc":{"start":{"line":57,"column":24},"end":{"line":57,"column":39}},"line":57},"4":{"name":"(anonymous_4)","decl":{"start":{"line":58,"column":10},"end":{"line":58,"column":11}},"loc":{"start":{"line":58,"column":20},"end":{"line":58,"column":24}},"line":58},"5":{"name":"(anonymous_5)","decl":{"start":{"line":66,"column":36},"end":{"line":66,"column":37}},"loc":{"start":{"line":66,"column":46},"end":{"line":77,"column":1}},"line":66},"6":{"name":"(anonymous_6)","decl":{"start":{"line":72,"column":21},"end":{"line":72,"column":22}},"loc":{"start":{"line":72,"column":36},"end":{"line":76,"column":3}},"line":72}},"branchMap":{"0":{"loc":{"start":{"line":54,"column":18},"end":{"line":54,"column":55}},"type":"binary-expr","locations":[{"start":{"line":54,"column":18},"end":{"line":54,"column":28}},{"start":{"line":54,"column":32},"end":{"line":54,"column":55}}],"line":54},"1":{"loc":{"start":{"line":67,"column":2},"end":{"line":69,"column":3}},"type":"if","locations":[{"start":{"line":67,"column":2},"end":{"line":69,"column":3}},{"start":{"line":67,"column":2},"end":{"line":69,"column":3}}],"line":67}},"s":{"0":0,"1":0,"2":0,"3":0,"4":0,"5":0,"6":0,"7":0,"8":0,"9":0,"10":0,"11":0,"12":0,"13":0,"14":0,"15":0,"16":0,"17":0,"18":0,"19":0,"20":0,"21":0,"22":0,"23":0,"24":0,"25":0,"26":0,"27":0},"f":{"0":0,"1":0,"2":0,"3":0,"4":0,"5":0,"6":0},"b":{"0":[0,0],"1":[0,0]}}
}
